<?xml version="1.0" encoding="UTF-8"?>
<testsuite xmlns:xsi="http://www.w3.org/2001/XMLSchema-instance" xsi:noNamespaceSchemaLocation="https://maven.apache.org/surefire/maven-surefire-plugin/xsd/surefire-test-report.xsd" name="cuantico.AppTest" time="0.03" tests="9" errors="0" skipped="0" failures="0">
  <properties>
[...]
</properties>
  <testcase name="ModuloNumComplejos" classname="cuantico.AppTest" time="0.002"/>
  <testcase name="restaNumComplejos" classname="cuantico.AppTest" time="0"/>
  <testcase name="DivisionNumComplejos" classname="cuantico.AppTest" time="0"/>
  <testcase name="ProductoNumComplejos" classname="cuantico.AppTest" time="0"/>
  <testcase name="CartesianoPolar" classname="cuantico.AppTest" time="0.001"/>
  <testcase name="Fase" classname="cuantico.AppTest" time="0"/>
  <testcase name="polarCartesiano" classname="cuantico.AppTest" time="0.001"/>
  <testcase name="ConjugadoNumComplejos" classname="cuantico.AppTest" time="0"/>
  <testcase name="sumaNumComplejos" classname="cuantico.AppTest" time="0.001"/>
</testsuite>